<?xml version="1.0" encoding="UTF-8"?>
<testsuite name="com.pnc.registration.RegistrationApplicationTests" tests="1" skipped="0" failures="0" errors="0" timestamp="2022-07-07T18:13:09" hostname="Neerals-MacBook-Pro.local" time="0.356">
  <properties/>
  <testcase name="contextLoads()" classname="com.pnc.registration.RegistrationApplicationTests" time="0.356"/>
  <system-out><![CDATA[13:13:07.613 [Test worker] DEBUG org.springframework.test.context.BootstrapUtils - Instantiating CacheAwareContextLoaderDelegate from class [org.springframework.test.context.cache.DefaultCacheAwareContextLoaderDelegate]
13:13:07.621 [Test worker] DEBUG org.springframework.test.context.BootstrapUtils - Instantiating BootstrapContext using constructor [public org.springframework.test.context.support.DefaultBootstrapContext(java.lang.Class,org.springframework.test.context.CacheAwareContextLoaderDelegate)]
13:13:07.649 [Test worker] DEBUG org.springframework.test.context.BootstrapUtils - Instantiating TestContextBootstrapper for test class [com.pnc.registration.RegistrationApplicationTests] from class [org.springframework.boot.test.context.SpringBootTestContextBootstrapper]
13:13:07.663 [Test worker] INFO org.springframework.boot.test.context.SpringBootTestContextBootstrapper - Neither @ContextConfiguration nor @ContextHierarchy found for test class [com.pnc.registration.RegistrationApplicationTests], using SpringBootContextLoader
13:13:07.669 [Test worker] DEBUG org.springframework.test.context.support.AbstractContextLoader - Did not detect default resource location for test class [com.pnc.registration.RegistrationApplicationTests]: class path resource [com/pnc/registration/RegistrationApplicationTests-context.xml] does not exist
13:13:07.669 [Test worker] DEBUG org.springframework.test.context.support.AbstractContextLoader - Did not detect default resource location for test class [com.pnc.registration.RegistrationApplicationTests]: class path resource [com/pnc/registration/RegistrationApplicationTestsContext.groovy] does not exist
13:13:07.670 [Test worker] INFO org.springframework.test.context.support.AbstractContextLoader - Could not detect default resource locations for test class [com.pnc.registration.RegistrationApplicationTests]: no resource found for suffixes {-context.xml, Context.groovy}.
13:13:07.670 [Test worker] INFO org.springframework.test.context.support.AnnotationConfigContextLoaderUtils - Could not detect default configuration classes for test class [com.pnc.registration.RegistrationApplicationTests]: RegistrationApplicationTests does not declare any static, non-private, non-final, nested classes annotated with @Configuration.
13:13:07.709 [Test worker] DEBUG org.springframework.test.context.support.ActiveProfilesUtils - Could not find an 'annotation declaring class' for annotation type [org.springframework.test.context.ActiveProfiles] and class [com.pnc.registration.RegistrationApplicationTests]
13:13:07.744 [Test worker] DEBUG org.springframework.context.annotation.ClassPathScanningCandidateComponentProvider - Identified candidate component class: file [/Users/neeral.desaiibm.com/Downloads/registration-api/build/classes/java/main/com/pnc/registration/RegistrationApplication.class]
13:13:07.745 [Test worker] INFO org.springframework.boot.test.context.SpringBootTestContextBootstrapper - Found @SpringBootConfiguration com.pnc.registration.RegistrationApplication for test class com.pnc.registration.RegistrationApplicationTests
13:13:07.827 [Test worker] DEBUG org.springframework.boot.test.context.SpringBootTestContextBootstrapper - @TestExecutionListeners is not present for class [com.pnc.registration.RegistrationApplicationTests]: using defaults.
13:13:07.827 [Test worker] INFO org.springframework.boot.test.context.SpringBootTestContextBootstrapper - Loaded default TestExecutionListener class names from location [META-INF/spring.factories]: [org.springframework.boot.test.autoconfigure.restdocs.RestDocsTestExecutionListener, org.springframework.boot.test.autoconfigure.web.client.MockRestServiceServerResetTestExecutionListener, org.springframework.boot.test.autoconfigure.web.servlet.MockMvcPrintOnlyOnFailureTestExecutionListener, org.springframework.boot.test.autoconfigure.web.servlet.WebDriverTestExecutionListener, org.springframework.boot.test.autoconfigure.webservices.client.MockWebServiceServerTestExecutionListener, org.springframework.boot.test.mock.mockito.MockitoTestExecutionListener, org.springframework.boot.test.mock.mockito.ResetMocksTestExecutionListener, org.springframework.test.context.web.ServletTestExecutionListener, org.springframework.test.context.support.DirtiesContextBeforeModesTestExecutionListener, org.springframework.test.context.event.ApplicationEventsTestExecutionListener, org.springframework.test.context.support.DependencyInjectionTestExecutionListener, org.springframework.test.context.support.DirtiesContextTestExecutionListener, org.springframework.test.context.transaction.TransactionalTestExecutionListener, org.springframework.test.context.jdbc.SqlScriptsTestExecutionListener, org.springframework.test.context.event.EventPublishingTestExecutionListener]
13:13:07.837 [Test worker] DEBUG org.springframework.boot.test.context.SpringBootTestContextBootstrapper - Skipping candidate TestExecutionListener [org.springframework.test.context.transaction.TransactionalTestExecutionListener] due to a missing dependency. Specify custom listener classes or make the default listener classes and their required dependencies available. Offending class: [org/springframework/transaction/TransactionDefinition]
13:13:07.838 [Test worker] DEBUG org.springframework.boot.test.context.SpringBootTestContextBootstrapper - Skipping candidate TestExecutionListener [org.springframework.test.context.jdbc.SqlScriptsTestExecutionListener] due to a missing dependency. Specify custom listener classes or make the default listener classes and their required dependencies available. Offending class: [org/springframework/transaction/interceptor/TransactionAttribute]
13:13:07.838 [Test worker] INFO org.springframework.boot.test.context.SpringBootTestContextBootstrapper - Using TestExecutionListeners: [org.springframework.test.context.web.ServletTestExecutionListener@21362712, org.springframework.test.context.support.DirtiesContextBeforeModesTestExecutionListener@27eb3298, org.springframework.test.context.event.ApplicationEventsTestExecutionListener@200a26bc, org.springframework.boot.test.mock.mockito.MockitoTestExecutionListener@bc57b40, org.springframework.boot.test.autoconfigure.SpringBootDependencyInjectionTestExecutionListener@1b5bc39d, org.springframework.test.context.support.DirtiesContextTestExecutionListener@655a5d9c, org.springframework.test.context.event.EventPublishingTestExecutionListener@1494b84d, org.springframework.boot.test.autoconfigure.restdocs.RestDocsTestExecutionListener@34abdee4, org.springframework.boot.test.autoconfigure.web.client.MockRestServiceServerResetTestExecutionListener@71a9b4c7, org.springframework.boot.test.autoconfigure.web.servlet.MockMvcPrintOnlyOnFailureTestExecutionListener@4628b1d3, org.springframework.boot.test.autoconfigure.web.servlet.WebDriverTestExecutionListener@77cf3f8b, org.springframework.boot.test.autoconfigure.webservices.client.MockWebServiceServerTestExecutionListener@1df98368, org.springframework.boot.test.mock.mockito.ResetMocksTestExecutionListener@21ca139c]
13:13:07.841 [Test worker] DEBUG org.springframework.test.context.support.AbstractDirtiesContextTestExecutionListener - Before test class: context [DefaultTestContext@5aa0dbf4 testClass = RegistrationApplicationTests, testInstance = [null], testMethod = [null], testException = [null], mergedContextConfiguration = [WebMergedContextConfiguration@16afbd92 testClass = RegistrationApplicationTests, locations = '{}', classes = '{class com.pnc.registration.RegistrationApplication}', contextInitializerClasses = '[]', activeProfiles = '{}', propertySourceLocations = '{}', propertySourceProperties = '{org.springframework.boot.test.context.SpringBootTestContextBootstrapper=true}', contextCustomizers = set[org.springframework.boot.test.autoconfigure.actuate.metrics.MetricsExportContextCustomizerFactory$DisableMetricExportContextCustomizer@5ee2b6f9, org.springframework.boot.test.autoconfigure.properties.PropertyMappingContextCustomizer@0, org.springframework.boot.test.autoconfigure.web.servlet.WebDriverContextCustomizerFactory$Customizer@485e36bc, org.springframework.boot.test.context.filter.ExcludeFilterContextCustomizer@1755e85b, org.springframework.boot.test.json.DuplicateJsonObjectContextCustomizerFactory$DuplicateJsonObjectContextCustomizer@7b5a12ae, org.springframework.boot.test.mock.mockito.MockitoContextCustomizer@0, org.springframework.boot.test.web.client.TestRestTemplateContextCustomizer@696f0212, org.springframework.boot.test.context.SpringBootTestArgs@1, org.springframework.boot.test.context.SpringBootTestWebEnvironment@126253fd], resourceBasePath = 'src/main/webapp', contextLoader = 'org.springframework.boot.test.context.SpringBootContextLoader', parent = [null]], attributes = map['org.springframework.test.context.web.ServletTestExecutionListener.activateListener' -> true]], class annotated with @DirtiesContext [false] with mode [null].

  .   ____          _            __ _ _
 /\\ / ___'_ __ _ _(_)_ __  __ _ \ \ \ \
( ( )\___ | '_ | '_| | '_ \/ _` | \ \ \ \
 \\/  ___)| |_)| | | | | || (_| |  ) ) ) )
  '  |____| .__|_| |_|_| |_\__, | / / / /
 =========|_|==============|___/=/_/_/_/
 :: Spring Boot ::                (v2.7.1)

2022-07-07 13:13:08.254  INFO 80257 --- [    Test worker] c.p.r.RegistrationApplicationTests       : Starting RegistrationApplicationTests using Java 11.0.15 on Neerals-MacBook-Pro.local with PID 80257 (started by neeral.desaiibm.com in /Users/neeral.desaiibm.com/Downloads/registration-api)
2022-07-07 13:13:08.255  INFO 80257 --- [    Test worker] c.p.r.RegistrationApplicationTests       : No active profile set, falling back to 1 default profile: "default"
2022-07-07 13:13:09.229  INFO 80257 --- [    Test worker] c.p.r.RegistrationApplicationTests       : Started RegistrationApplicationTests in 1.348 seconds (JVM running for 2.403)
]]></system-out>
  <system-err><![CDATA[]]></system-err>
</testsuite>
