<?xml version="1.0" encoding="UTF-8"?>
<testsuite name="com.pnc.registration.controller.RegistrationControllerTest" tests="1" skipped="0" failures="0" errors="0" timestamp="2022-07-08T21:13:42" hostname="Neerals-MacBook-Pro.local" time="0.309">
  <properties/>
  <testcase name="getRegistration() | Successfully invoke get registration controller" classname="com.pnc.registration.controller.RegistrationControllerTest" time="0.309"/>
  <system-out><![CDATA[]]></system-out>
  <system-err><![CDATA[]]></system-err>
</testsuite>
