<?xml version="1.0" encoding="UTF-8"?>
<testsuite name="com.pnc.registration.RegistrationApplicationTests" tests="1" skipped="0" failures="0" errors="0" timestamp="2022-07-08T21:13:45" hostname="Neerals-MacBook-Pro.local" time="0.251">
  <properties/>
  <testcase name="contextLoads()" classname="com.pnc.registration.RegistrationApplicationTests" time="0.251"/>
  <system-out><![CDATA[16:13:43.342 [Test worker] DEBUG org.springframework.test.context.BootstrapUtils - Instantiating CacheAwareContextLoaderDelegate from class [org.springframework.test.context.cache.DefaultCacheAwareContextLoaderDelegate]
16:13:43.344 [Test worker] DEBUG org.springframework.test.context.BootstrapUtils - Instantiating BootstrapContext using constructor [public org.springframework.test.context.support.DefaultBootstrapContext(java.lang.Class,org.springframework.test.context.CacheAwareContextLoaderDelegate)]
16:13:43.368 [Test worker] DEBUG org.springframework.test.context.BootstrapUtils - Instantiating TestContextBootstrapper for test class [com.pnc.registration.RegistrationApplicationTests] from class [org.springframework.boot.test.context.SpringBootTestContextBootstrapper]
16:13:43.377 [Test worker] INFO org.springframework.boot.test.context.SpringBootTestContextBootstrapper - Neither @ContextConfiguration nor @ContextHierarchy found for test class [com.pnc.registration.RegistrationApplicationTests], using SpringBootContextLoader
16:13:43.379 [Test worker] DEBUG org.springframework.test.context.support.AbstractContextLoader - Did not detect default resource location for test class [com.pnc.registration.RegistrationApplicationTests]: class path resource [com/pnc/registration/RegistrationApplicationTests-context.xml] does not exist
16:13:43.379 [Test worker] DEBUG org.springframework.test.context.support.AbstractContextLoader - Did not detect default resource location for test class [com.pnc.registration.RegistrationApplicationTests]: class path resource [com/pnc/registration/RegistrationApplicationTestsContext.groovy] does not exist
16:13:43.379 [Test worker] INFO org.springframework.test.context.support.AbstractContextLoader - Could not detect default resource locations for test class [com.pnc.registration.RegistrationApplicationTests]: no resource found for suffixes {-context.xml, Context.groovy}.
16:13:43.380 [Test worker] INFO org.springframework.test.context.support.AnnotationConfigContextLoaderUtils - Could not detect default configuration classes for test class [com.pnc.registration.RegistrationApplicationTests]: RegistrationApplicationTests does not declare any static, non-private, non-final, nested classes annotated with @Configuration.
16:13:43.413 [Test worker] DEBUG org.springframework.test.context.support.ActiveProfilesUtils - Could not find an 'annotation declaring class' for annotation type [org.springframework.test.context.ActiveProfiles] and class [com.pnc.registration.RegistrationApplicationTests]
16:13:43.459 [Test worker] DEBUG org.springframework.context.annotation.ClassPathScanningCandidateComponentProvider - Identified candidate component class: file [/Users/neeral.desaiibm.com/Downloads/registration-api/build/classes/java/main/com/pnc/registration/RegistrationApplication.class]
16:13:43.460 [Test worker] INFO org.springframework.boot.test.context.SpringBootTestContextBootstrapper - Found @SpringBootConfiguration com.pnc.registration.RegistrationApplication for test class com.pnc.registration.RegistrationApplicationTests
16:13:43.530 [Test worker] DEBUG org.springframework.boot.test.context.SpringBootTestContextBootstrapper - @TestExecutionListeners is not present for class [com.pnc.registration.RegistrationApplicationTests]: using defaults.
16:13:43.530 [Test worker] INFO org.springframework.boot.test.context.SpringBootTestContextBootstrapper - Loaded default TestExecutionListener class names from location [META-INF/spring.factories]: [org.springframework.boot.test.autoconfigure.restdocs.RestDocsTestExecutionListener, org.springframework.boot.test.autoconfigure.web.client.MockRestServiceServerResetTestExecutionListener, org.springframework.boot.test.autoconfigure.web.servlet.MockMvcPrintOnlyOnFailureTestExecutionListener, org.springframework.boot.test.autoconfigure.web.servlet.WebDriverTestExecutionListener, org.springframework.boot.test.autoconfigure.webservices.client.MockWebServiceServerTestExecutionListener, org.springframework.boot.test.mock.mockito.MockitoTestExecutionListener, org.springframework.boot.test.mock.mockito.ResetMocksTestExecutionListener, org.springframework.test.context.web.ServletTestExecutionListener, org.springframework.test.context.support.DirtiesContextBeforeModesTestExecutionListener, org.springframework.test.context.event.ApplicationEventsTestExecutionListener, org.springframework.test.context.support.DependencyInjectionTestExecutionListener, org.springframework.test.context.support.DirtiesContextTestExecutionListener, org.springframework.test.context.transaction.TransactionalTestExecutionListener, org.springframework.test.context.jdbc.SqlScriptsTestExecutionListener, org.springframework.test.context.event.EventPublishingTestExecutionListener]
16:13:43.546 [Test worker] DEBUG org.springframework.boot.test.context.SpringBootTestContextBootstrapper - Skipping candidate TestExecutionListener [org.springframework.test.context.transaction.TransactionalTestExecutionListener] due to a missing dependency. Specify custom listener classes or make the default listener classes and their required dependencies available. Offending class: [org/springframework/transaction/TransactionDefinition]
16:13:43.546 [Test worker] DEBUG org.springframework.boot.test.context.SpringBootTestContextBootstrapper - Skipping candidate TestExecutionListener [org.springframework.test.context.jdbc.SqlScriptsTestExecutionListener] due to a missing dependency. Specify custom listener classes or make the default listener classes and their required dependencies available. Offending class: [org/springframework/transaction/interceptor/TransactionAttribute]
16:13:43.546 [Test worker] INFO org.springframework.boot.test.context.SpringBootTestContextBootstrapper - Using TestExecutionListeners: [org.springframework.test.context.web.ServletTestExecutionListener@7c781c42, org.springframework.test.context.support.DirtiesContextBeforeModesTestExecutionListener@795f8317, org.springframework.test.context.event.ApplicationEventsTestExecutionListener@633fd91, org.springframework.boot.test.mock.mockito.MockitoTestExecutionListener@355c94be, org.springframework.boot.test.autoconfigure.SpringBootDependencyInjectionTestExecutionListener@97a145b, org.springframework.test.context.support.DirtiesContextTestExecutionListener@c386958, org.springframework.test.context.event.EventPublishingTestExecutionListener@157ec23b, org.springframework.boot.test.autoconfigure.restdocs.RestDocsTestExecutionListener@44d64d4e, org.springframework.boot.test.autoconfigure.web.client.MockRestServiceServerResetTestExecutionListener@1dd74143, org.springframework.boot.test.autoconfigure.web.servlet.MockMvcPrintOnlyOnFailureTestExecutionListener@526a9908, org.springframework.boot.test.autoconfigure.web.servlet.WebDriverTestExecutionListener@3166f664, org.springframework.boot.test.autoconfigure.webservices.client.MockWebServiceServerTestExecutionListener@47ac613b, org.springframework.boot.test.mock.mockito.ResetMocksTestExecutionListener@60d6fdd4]
16:13:43.549 [Test worker] DEBUG org.springframework.test.context.support.AbstractDirtiesContextTestExecutionListener - Before test class: context [DefaultTestContext@75e27856 testClass = RegistrationApplicationTests, testInstance = [null], testMethod = [null], testException = [null], mergedContextConfiguration = [WebMergedContextConfiguration@6bccd036 testClass = RegistrationApplicationTests, locations = '{}', classes = '{class com.pnc.registration.RegistrationApplication}', contextInitializerClasses = '[]', activeProfiles = '{}', propertySourceLocations = '{}', propertySourceProperties = '{org.springframework.boot.test.context.SpringBootTestContextBootstrapper=true}', contextCustomizers = set[org.springframework.boot.test.autoconfigure.actuate.metrics.MetricsExportContextCustomizerFactory$DisableMetricExportContextCustomizer@41eb94bc, org.springframework.boot.test.autoconfigure.properties.PropertyMappingContextCustomizer@0, org.springframework.boot.test.autoconfigure.web.servlet.WebDriverContextCustomizerFactory$Customizer@56dfab87, org.springframework.boot.test.context.filter.ExcludeFilterContextCustomizer@18b8d173, org.springframework.boot.test.json.DuplicateJsonObjectContextCustomizerFactory$DuplicateJsonObjectContextCustomizer@176996c3, org.springframework.boot.test.mock.mockito.MockitoContextCustomizer@0, org.springframework.boot.test.web.client.TestRestTemplateContextCustomizer@17fa1336, org.springframework.boot.test.context.SpringBootTestArgs@1, org.springframework.boot.test.context.SpringBootTestWebEnvironment@768fc0f2], resourceBasePath = 'src/main/webapp', contextLoader = 'org.springframework.boot.test.context.SpringBootContextLoader', parent = [null]], attributes = map['org.springframework.test.context.web.ServletTestExecutionListener.activateListener' -> true]], class annotated with @DirtiesContext [false] with mode [null].

  .   ____          _            __ _ _
 /\\ / ___'_ __ _ _(_)_ __  __ _ \ \ \ \
( ( )\___ | '_ | '_| | '_ \/ _` | \ \ \ \
 \\/  ___)| |_)| | | | | || (_| |  ) ) ) )
  '  |____| .__|_| |_|_| |_\__, | / / / /
 =========|_|==============|___/=/_/_/_/
 :: Spring Boot ::                (v2.7.1)

2022-07-08 16:13:43.922  INFO 98670 --- [    Test worker] c.p.r.RegistrationApplicationTests       : Starting RegistrationApplicationTests using Java 11.0.15 on Neerals-MacBook-Pro.local with PID 98670 (started by neeral.desaiibm.com in /Users/neeral.desaiibm.com/Downloads/registration-api)
2022-07-08 16:13:43.923  INFO 98670 --- [    Test worker] c.p.r.RegistrationApplicationTests       : No active profile set, falling back to 1 default profile: "default"
2022-07-08 16:13:45.064  INFO 98670 --- [    Test worker] c.p.r.RegistrationApplicationTests       : Started RegistrationApplicationTests in 1.479 seconds (JVM running for 3.85)
]]></system-out>
  <system-err><![CDATA[]]></system-err>
</testsuite>
