<?xml version="1.0" encoding="UTF-8"?>
<testsuite name="com.pnc.registration.service.RegistrationServiceTest" tests="1" skipped="0" failures="0" errors="0" timestamp="2022-07-08T21:13:42" hostname="Neerals-MacBook-Pro.local" time="0.82">
  <properties/>
  <testcase name="getRegistration() || Successfully invoke registration service" classname="com.pnc.registration.service.RegistrationServiceTest" time="0.82"/>
  <system-out><![CDATA[16:13:42.771 [Test worker] DEBUG org.springframework.web.client.RestTemplate - HTTP GET http://ip-api.com/json/24.48.0.1
16:13:42.822 [Test worker] DEBUG org.springframework.web.client.RestTemplate - Accept=[application/json, application/*+json]
16:13:43.292 [Test worker] DEBUG org.springframework.web.client.RestTemplate - Response 200 OK
16:13:43.296 [Test worker] DEBUG org.springframework.web.client.RestTemplate - Reading to [com.pnc.registration.model.RegistrationIpResponse]
]]></system-out>
  <system-err><![CDATA[]]></system-err>
</testsuite>
