<?xml version="1.0" encoding="UTF-8"?>
<testsuite name="com.pnc.registration.RegistrationApplicationTests" tests="1" skipped="0" failures="0" errors="0" timestamp="2022-07-06T22:03:03" hostname="Neerals-MacBook-Pro.local" time="0.258">
  <properties/>
  <testcase name="contextLoads()" classname="com.pnc.registration.RegistrationApplicationTests" time="0.258"/>
  <system-out><![CDATA[17:03:02.531 [Test worker] DEBUG org.springframework.test.context.BootstrapUtils - Instantiating CacheAwareContextLoaderDelegate from class [org.springframework.test.context.cache.DefaultCacheAwareContextLoaderDelegate]
17:03:02.539 [Test worker] DEBUG org.springframework.test.context.BootstrapUtils - Instantiating BootstrapContext using constructor [public org.springframework.test.context.support.DefaultBootstrapContext(java.lang.Class,org.springframework.test.context.CacheAwareContextLoaderDelegate)]
17:03:02.562 [Test worker] DEBUG org.springframework.test.context.BootstrapUtils - Instantiating TestContextBootstrapper for test class [com.pnc.registration.RegistrationApplicationTests] from class [org.springframework.boot.test.context.SpringBootTestContextBootstrapper]
17:03:02.568 [Test worker] INFO org.springframework.boot.test.context.SpringBootTestContextBootstrapper - Neither @ContextConfiguration nor @ContextHierarchy found for test class [com.pnc.registration.RegistrationApplicationTests], using SpringBootContextLoader
17:03:02.571 [Test worker] DEBUG org.springframework.test.context.support.AbstractContextLoader - Did not detect default resource location for test class [com.pnc.registration.RegistrationApplicationTests]: class path resource [com/pnc/registration/RegistrationApplicationTests-context.xml] does not exist
17:03:02.571 [Test worker] DEBUG org.springframework.test.context.support.AbstractContextLoader - Did not detect default resource location for test class [com.pnc.registration.RegistrationApplicationTests]: class path resource [com/pnc/registration/RegistrationApplicationTestsContext.groovy] does not exist
17:03:02.571 [Test worker] INFO org.springframework.test.context.support.AbstractContextLoader - Could not detect default resource locations for test class [com.pnc.registration.RegistrationApplicationTests]: no resource found for suffixes {-context.xml, Context.groovy}.
17:03:02.572 [Test worker] INFO org.springframework.test.context.support.AnnotationConfigContextLoaderUtils - Could not detect default configuration classes for test class [com.pnc.registration.RegistrationApplicationTests]: RegistrationApplicationTests does not declare any static, non-private, non-final, nested classes annotated with @Configuration.
17:03:02.596 [Test worker] DEBUG org.springframework.test.context.support.ActiveProfilesUtils - Could not find an 'annotation declaring class' for annotation type [org.springframework.test.context.ActiveProfiles] and class [com.pnc.registration.RegistrationApplicationTests]
17:03:02.627 [Test worker] DEBUG org.springframework.context.annotation.ClassPathScanningCandidateComponentProvider - Identified candidate component class: file [/Users/neeral.desaiibm.com/Downloads/registration-api/build/classes/java/main/com/pnc/registration/RegistrationApplication.class]
17:03:02.628 [Test worker] INFO org.springframework.boot.test.context.SpringBootTestContextBootstrapper - Found @SpringBootConfiguration com.pnc.registration.RegistrationApplication for test class com.pnc.registration.RegistrationApplicationTests
17:03:02.694 [Test worker] DEBUG org.springframework.boot.test.context.SpringBootTestContextBootstrapper - @TestExecutionListeners is not present for class [com.pnc.registration.RegistrationApplicationTests]: using defaults.
17:03:02.694 [Test worker] INFO org.springframework.boot.test.context.SpringBootTestContextBootstrapper - Loaded default TestExecutionListener class names from location [META-INF/spring.factories]: [org.springframework.boot.test.autoconfigure.restdocs.RestDocsTestExecutionListener, org.springframework.boot.test.autoconfigure.web.client.MockRestServiceServerResetTestExecutionListener, org.springframework.boot.test.autoconfigure.web.servlet.MockMvcPrintOnlyOnFailureTestExecutionListener, org.springframework.boot.test.autoconfigure.web.servlet.WebDriverTestExecutionListener, org.springframework.boot.test.autoconfigure.webservices.client.MockWebServiceServerTestExecutionListener, org.springframework.boot.test.mock.mockito.MockitoTestExecutionListener, org.springframework.boot.test.mock.mockito.ResetMocksTestExecutionListener, org.springframework.test.context.web.ServletTestExecutionListener, org.springframework.test.context.support.DirtiesContextBeforeModesTestExecutionListener, org.springframework.test.context.event.ApplicationEventsTestExecutionListener, org.springframework.test.context.support.DependencyInjectionTestExecutionListener, org.springframework.test.context.support.DirtiesContextTestExecutionListener, org.springframework.test.context.transaction.TransactionalTestExecutionListener, org.springframework.test.context.jdbc.SqlScriptsTestExecutionListener, org.springframework.test.context.event.EventPublishingTestExecutionListener]
17:03:02.700 [Test worker] DEBUG org.springframework.boot.test.context.SpringBootTestContextBootstrapper - Skipping candidate TestExecutionListener [org.springframework.test.context.web.ServletTestExecutionListener] due to a missing dependency. Specify custom listener classes or make the default listener classes and their required dependencies available. Offending class: [javax/servlet/ServletContext]
17:03:02.701 [Test worker] DEBUG org.springframework.boot.test.context.SpringBootTestContextBootstrapper - Skipping candidate TestExecutionListener [org.springframework.test.context.transaction.TransactionalTestExecutionListener] due to a missing dependency. Specify custom listener classes or make the default listener classes and their required dependencies available. Offending class: [org/springframework/transaction/TransactionDefinition]
17:03:02.701 [Test worker] DEBUG org.springframework.boot.test.context.SpringBootTestContextBootstrapper - Skipping candidate TestExecutionListener [org.springframework.test.context.jdbc.SqlScriptsTestExecutionListener] due to a missing dependency. Specify custom listener classes or make the default listener classes and their required dependencies available. Offending class: [org/springframework/transaction/interceptor/TransactionAttribute]
17:03:02.702 [Test worker] INFO org.springframework.boot.test.context.SpringBootTestContextBootstrapper - Using TestExecutionListeners: [org.springframework.test.context.support.DirtiesContextBeforeModesTestExecutionListener@73511076, org.springframework.test.context.event.ApplicationEventsTestExecutionListener@7927bd9f, org.springframework.boot.test.mock.mockito.MockitoTestExecutionListener@532721fd, org.springframework.boot.test.autoconfigure.SpringBootDependencyInjectionTestExecutionListener@410954b, org.springframework.test.context.support.DirtiesContextTestExecutionListener@7fb9f71f, org.springframework.test.context.event.EventPublishingTestExecutionListener@3b366632, org.springframework.boot.test.autoconfigure.restdocs.RestDocsTestExecutionListener@51f49060, org.springframework.boot.test.autoconfigure.web.client.MockRestServiceServerResetTestExecutionListener@514eedd8, org.springframework.boot.test.autoconfigure.web.servlet.MockMvcPrintOnlyOnFailureTestExecutionListener@617fe9e1, org.springframework.boot.test.autoconfigure.web.servlet.WebDriverTestExecutionListener@6970140a, org.springframework.boot.test.autoconfigure.webservices.client.MockWebServiceServerTestExecutionListener@1cf2fed4, org.springframework.boot.test.mock.mockito.ResetMocksTestExecutionListener@3af4e0bf]
17:03:02.704 [Test worker] DEBUG org.springframework.test.context.support.AbstractDirtiesContextTestExecutionListener - Before test class: context [DefaultTestContext@1a2e2935 testClass = RegistrationApplicationTests, testInstance = [null], testMethod = [null], testException = [null], mergedContextConfiguration = [MergedContextConfiguration@733c423e testClass = RegistrationApplicationTests, locations = '{}', classes = '{class com.pnc.registration.RegistrationApplication}', contextInitializerClasses = '[]', activeProfiles = '{}', propertySourceLocations = '{}', propertySourceProperties = '{org.springframework.boot.test.context.SpringBootTestContextBootstrapper=true}', contextCustomizers = set[org.springframework.boot.test.autoconfigure.actuate.metrics.MetricsExportContextCustomizerFactory$DisableMetricExportContextCustomizer@25e2ab5a, org.springframework.boot.test.autoconfigure.properties.PropertyMappingContextCustomizer@0, org.springframework.boot.test.autoconfigure.web.servlet.WebDriverContextCustomizerFactory$Customizer@704f1591, org.springframework.boot.test.context.filter.ExcludeFilterContextCustomizer@349c1daf, org.springframework.boot.test.json.DuplicateJsonObjectContextCustomizerFactory$DuplicateJsonObjectContextCustomizer@6955cb39, org.springframework.boot.test.mock.mockito.MockitoContextCustomizer@0, org.springframework.boot.test.web.client.TestRestTemplateContextCustomizer@17cdf2d0, org.springframework.boot.test.context.SpringBootTestArgs@1, org.springframework.boot.test.context.SpringBootTestWebEnvironment@6b09fb41], contextLoader = 'org.springframework.boot.test.context.SpringBootContextLoader', parent = [null]], attributes = map[[empty]]], class annotated with @DirtiesContext [false] with mode [null].
17:03:02.712 [Test worker] DEBUG org.springframework.test.context.support.DependencyInjectionTestExecutionListener - Performing dependency injection for test context [[DefaultTestContext@1a2e2935 testClass = RegistrationApplicationTests, testInstance = com.pnc.registration.RegistrationApplicationTests@1051817b, testMethod = [null], testException = [null], mergedContextConfiguration = [MergedContextConfiguration@733c423e testClass = RegistrationApplicationTests, locations = '{}', classes = '{class com.pnc.registration.RegistrationApplication}', contextInitializerClasses = '[]', activeProfiles = '{}', propertySourceLocations = '{}', propertySourceProperties = '{org.springframework.boot.test.context.SpringBootTestContextBootstrapper=true}', contextCustomizers = set[org.springframework.boot.test.autoconfigure.actuate.metrics.MetricsExportContextCustomizerFactory$DisableMetricExportContextCustomizer@25e2ab5a, org.springframework.boot.test.autoconfigure.properties.PropertyMappingContextCustomizer@0, org.springframework.boot.test.autoconfigure.web.servlet.WebDriverContextCustomizerFactory$Customizer@704f1591, org.springframework.boot.test.context.filter.ExcludeFilterContextCustomizer@349c1daf, org.springframework.boot.test.json.DuplicateJsonObjectContextCustomizerFactory$DuplicateJsonObjectContextCustomizer@6955cb39, org.springframework.boot.test.mock.mockito.MockitoContextCustomizer@0, org.springframework.boot.test.web.client.TestRestTemplateContextCustomizer@17cdf2d0, org.springframework.boot.test.context.SpringBootTestArgs@1, org.springframework.boot.test.context.SpringBootTestWebEnvironment@6b09fb41], contextLoader = 'org.springframework.boot.test.context.SpringBootContextLoader', parent = [null]], attributes = map['org.springframework.test.context.event.ApplicationEventsTestExecutionListener.recordApplicationEvents' -> false]]].

  .   ____          _            __ _ _
 /\\ / ___'_ __ _ _(_)_ __  __ _ \ \ \ \
( ( )\___ | '_ | '_| | '_ \/ _` | \ \ \ \
 \\/  ___)| |_)| | | | | || (_| |  ) ) ) )
  '  |____| .__|_| |_|_| |_\__, | / / / /
 =========|_|==============|___/=/_/_/_/
 :: Spring Boot ::                (v2.7.1)

2022-07-06 17:03:02.900  INFO 76576 --- [    Test worker] c.p.r.RegistrationApplicationTests       : Starting RegistrationApplicationTests using Java 11.0.15 on Neerals-MacBook-Pro.local with PID 76576 (started by neeral.desaiibm.com in /Users/neeral.desaiibm.com/Downloads/registration-api)
2022-07-06 17:03:02.901  INFO 76576 --- [    Test worker] c.p.r.RegistrationApplicationTests       : No active profile set, falling back to 1 default profile: "default"
2022-07-06 17:03:03.436  INFO 76576 --- [    Test worker] c.p.r.RegistrationApplicationTests       : Started RegistrationApplicationTests in 0.696 seconds (JVM running for 1.614)
]]></system-out>
  <system-err><![CDATA[]]></system-err>
</testsuite>
